==============================================================================
Suites                                                                        
==============================================================================
Suites.Test with tags                                                         
==============================================================================
TC-1 Smoke Test                                                       Smoke Test is Being Run
| PASS |
------------------------------------------------------------------------------
TC-2 Regression Test                                                  Regression Test is Being Run
| PASS |
------------------------------------------------------------------------------
TC-3 Sanity Test                                                      Sanity Test is Being Run
| PASS |
------------------------------------------------------------------------------
Suites.Test with tags                                                 | PASS |
3 tests, 3 passed, 0 failed
==============================================================================
Suites                                                                | PASS |
3 tests, 3 passed, 0 failed
==============================================================================
Output:  C:\Users\Subrat_Das\Desktop\EPAM\DEMO_PROJECTS_FOR_AUTOMATION_TRAINING\Robot_Framework\Results\pabot_results\3\output.xml
