==============================================================================
Suites                                                                        
==============================================================================
Suites.DDT1                                                                   
==============================================================================
DDT-TC-1-CorrectUser-EmptyPassword                                    | PASS |
------------------------------------------------------------------------------
DDT-TC-2-CorrectUser-wrongPassword                                    | PASS |
------------------------------------------------------------------------------
DDT-TC-3-WrongUser-CorrectPassword                                    | PASS |
------------------------------------------------------------------------------
DDT-TC-4-WrongUser-EmptyPassword                                      | PASS |
------------------------------------------------------------------------------
DDT-TC-5-WrongUser-wrongPassword                                      | PASS |
------------------------------------------------------------------------------
Suites.DDT1                                                           | PASS |
5 tests, 5 passed, 0 failed
==============================================================================
Suites                                                                | PASS |
5 tests, 5 passed, 0 failed
==============================================================================
Output:  C:\Users\Subrat_Das\Desktop\EPAM\DEMO_PROJECTS_FOR_AUTOMATION_TRAINING\Robot_Framework\Results\pabot_results\0\output.xml
